Added Component: Designator=IC??(SOP65P780X200-28N)
Add component (AddParameter): Name = "Arrow Part Number"; Value = "ENC28J60T-I/SS"; VariantName = "[No Variations]"
Add component (AddParameter): Name = "Arrow Price/Stock"; Value = "https://www.arrow.com/en/products/enc28j60t-iss/microchip-technology"; VariantName = "[No Variations]"
Add component (AddParameter): Name = "Datasheet Link"; Value = "https://mouser.componentsearchengine.com/Datasheets/2/ENC28J60T-I_SS.pdf"; VariantName = "[No Variations]"
Add component (AddParameter): Name = "Height"; Value = "2mm"; VariantName = "[No Variations]"
Add component (AddParameter): Name = "Manufacturer_Name"; Value = "Microchip"; VariantName = "[No Variations]"
Add component (AddParameter): Name = "Manufacturer_Part_Number"; Value = "ENC28J60T-I/SS"; VariantName = "[No Variations]"
Add component (AddParameter): Name = "Mouser Part Number"; Value = "579-ENC28J60T-I/SS"; VariantName = "[No Variations]"
Add component (AddParameter): Name = "Mouser Price/Stock"; Value = "https://www.mouser.co.uk/ProductDetail/Microchip-Technology/ENC28J60T-I-SS?qs=0swJU7D5CoWRYqX2omYpJQ%3D%3D"; VariantName = "[No Variations]"
Added Pin To Net: NetName=NetC7_2 Pin=IC??-1
Added Pin To Net: NetName=GND Pin=IC??-2
Added Pin To Net: NetName=GND Pin=IC??-11
Added Pin To Net: NetName=NetCON1_6 Pin=IC??-12
Added Pin To Net: NetName=NetCON1_3 Pin=IC??-13
Added Pin To Net: NetName=+3.3V Pin=IC??-15
Added Pin To Net: NetName=NetCON1_2 Pin=IC??-16
Added Pin To Net: NetName=NetCON1_1 Pin=IC??-17
Added Pin To Net: NetName=GND Pin=IC??-18
Added Pin To Net: NetName=+3.3V Pin=IC??-19
Added Pin To Net: NetName=+3.3V Pin=IC??-20
Added Pin To Net: NetName=GND Pin=IC??-21
Added Pin To Net: NetName=GND Pin=IC??-22
Added Pin To Net: NetName=NetC5_2 Pin=IC??-23
Added Pin To Net: NetName=NetC6_2 Pin=IC??-24
Added Pin To Net: NetName=+3.3V Pin=IC??-25
Added Pin To Net: NetName=LEDB Pin=IC??-26
Added Pin To Net: NetName=LEDA Pin=IC??-27
Added Pin To Net: NetName=+3.3V Pin=IC??-28
Added Pin To Net: NetName=NetIC??_4 Pin=IC??-4
Added Net: Name=NetIC??_4
Added Pin To Net: NetName=NetIC??_6 Pin=IC??-6
Added Net: Name=NetIC??_6
Added Pin To Net: NetName=NetIC??_7 Pin=IC??-7
Added Net: Name=NetIC??_7
Added Pin To Net: NetName=NetIC??_8 Pin=IC??-8
Added Net: Name=NetIC??_8
Added Pin To Net: NetName=NetIC??_9 Pin=IC??-9
Added Net: Name=NetIC??_9
Added Pin To Net: NetName=NetIC??_10 Pin=IC??-10
Added Net: Name=NetIC??_10
Added Pin To Net: NetName=NetIC??_14 Pin=IC??-14
Added Pin To Net: NetName=NetIC??_14 Pin=R5-2
Added Net: Name=NetIC??_14
Added Member To Class: ClassName=U_Ethernet module Member=Component IC?? ENC28J60
