Change Component Designator: Old Designator=C10 New Designator=C5
Change Component Designator: Old Designator=C11 New Designator=C6
Change Component Designator: Old Designator=C12 New Designator=C7
Change Component Designator: Old Designator=C13 New Designator=C8
Change Component Designator: Old Designator=C14 New Designator=C9
Change Component Designator: Old Designator=C15 New Designator=C10
Change Component Designator: Old Designator=C16 New Designator=C11
Change Component Designator: Old Designator=C17 New Designator=C12
Change Component Designator: Old Designator=CON3 New Designator=CON2
Change Component Designator: Old Designator=IC4 New Designator=IC3
Change Component Designator: Old Designator=IC5 New Designator=IC4
Change Component Designator: Old Designator=L2 New Designator=L1
Change Component Designator: Old Designator=L3 New Designator=L2
Change Component Designator: Old Designator=R22 New Designator=R11
Change Component Designator: Old Designator=R23 New Designator=R12
Change Component Designator: Old Designator=R24 New Designator=R13
Change Component Designator: Old Designator=R25 New Designator=R14
Change Component Designator: Old Designator=R26 New Designator=R15
Change Component Designator: Old Designator=R27 New Designator=R16
Change Component Designator: Old Designator=R28 New Designator=R17
Change Component Designator: Old Designator=R29 New Designator=R18
